<?xml version="1.0" encoding="UTF-8"?>
<!-- Generated by org.testng.reporters.JUnitXMLReporter -->
<testsuite ignored="1" hostname="DESKTOP-9MSKB5C" failures="2" tests="2" name="opencartTest" time="26.474" errors="0" timestamp="2023-02-02T01:11:28 IST">
  <testcase classname="testCases.Tc_001_AccountRegistrationTest" name="test_Account_Registration" time="2.739">
    <failure type="java.lang.AssertionError" message="null">
      <![CDATA[java.lang.AssertionError: null
at testCases.Tc_001_AccountRegistrationTest.test_Account_Registration(Tc_001_AccountRegistrationTest.java:52)
at java.base/java.util.ArrayList.forEach(ArrayList.java:1511)
... Removed 31 stack frames]]>
    </failure>
  </testcase> <!-- test_Account_Registration -->
  <testcase classname="testCases.Tc_002_LoginTest" name="test_login" time="11.778">
    <failure type="java.lang.AssertionError" message="invalid login data expected [true] but found [false]">
      <![CDATA[java.lang.AssertionError: invalid login data expected [true] but found [false]
at testCases.Tc_002_LoginTest.test_login(Tc_002_LoginTest.java:34)
at java.base/java.util.ArrayList.forEach(ArrayList.java:1511)
... Removed 35 stack frames]]>
    </failure>
  </testcase> <!-- test_login -->
  <testcase classname="testCases.Tc_003_LoginDDT" name="test_loginDDT" time="0.0">
    <ignored/>
  </testcase> <!-- test_loginDDT -->
</testsuite> <!-- opencartTest -->
