<?xml version="1.0" encoding="UTF-8"?>
<!-- Generated by org.testng.reporters.JUnitXMLReporter -->
<testsuite ignored="0" hostname="DESKTOP-9MSKB5C" failures="1" tests="1" name="edgeTest" time="7.169" errors="0" timestamp="2023-01-31T15:27:33 IST">
  <testcase classname="testCases.Tc_001_AccountRegistrationTest" name="test_Account_Registration" time="2.485">
    <failure type="java.lang.AssertionError" message="null">
      <![CDATA[java.lang.AssertionError: null
at testCases.Tc_001_AccountRegistrationTest.test_Account_Registration(Tc_001_AccountRegistrationTest.java:46)
at java.base/java.util.ArrayList.forEach(ArrayList.java:1511)
... Removed 27 stack frames]]>
    </failure>
  </testcase> <!-- test_Account_Registration -->
</testsuite> <!-- edgeTest -->
